<?xml version="1.0" encoding="UTF-8"?>
<!-- Generated by org.testng.reporters.JUnitXMLReporter -->
<testsuite ignored="2" hostname="DESKTOP-UOB7C2O" failures="1" tests="2" name="FirefoxTest" time="38.129" errors="0" timestamp="2023-08-31T11:45:20 IST">
  <testcase classname="extentreports.TestUsersAndReports" name="testReports" time="5.118"/>
  <testcase classname="extentreports.TestUsersAndReports$TC002TestUsers" name="testUsers" time="0.004">
    <failure type="java.lang.NullPointerException" message="Cannot invoke &amp;quot;com.aventstack.extentreports.ExtentReports.createTest(String)&amp;quot; because &amp;quot;this.extentReports&amp;quot; is null">
      <![CDATA[java.lang.NullPointerException: Cannot invoke "com.aventstack.extentreports.ExtentReports.createTest(String)" because "this.extentReports" is null
at extentreports.TestUsersAndReports$TC002TestUsers.testUsers(TestUsersAndReports.java:42)
at java.base/java.util.ArrayList.forEach(ArrayList.java:1511)
... Removed 25 stack frames]]>
    </failure>
  </testcase> <!-- testUsers -->
  <testcase classname="extentreports.BaseTest" name="@BeforeTest createReport" time="0.0">
    <ignored/>
  </testcase> <!-- @BeforeTest createReport -->
  <testcase classname="extentreports.BaseTest" name="@AfterTest flushReport" time="0.0">
    <ignored/>
  </testcase> <!-- @AfterTest flushReport -->
</testsuite> <!-- FirefoxTest -->
