<?xml version="1.0" encoding="UTF-8"?>
<!-- Generated by org.testng.reporters.JUnitXMLReporter -->
<testsuite ignored="2" hostname="DESKTOP-UOB7C2O" failures="0" tests="2" name="Test1" time="0.076" errors="0" timestamp="2023-08-30T17:06:19 IST">
  <testcase classname="testngtopic.xmlconfig.TC022" name="addFamily1" time="0.008"/>
  <testcase classname="testngtopic.xmlconfig.TC023" name="addFamily2" time="0.002"/>
  <testcase classname="testngtopic.xmlconfig.BaseTest1" name="@AfterTest afterTest" time="0.0">
    <ignored/>
  </testcase> <!-- @AfterTest afterTest -->
  <testcase classname="testngtopic.xmlconfig.BaseTest1" name="@BeforeTest beforetest" time="0.0">
    <ignored/>
  </testcase> <!-- @BeforeTest beforetest -->
</testsuite> <!-- Test1 -->
